<?xml version="1.0" encoding="UTF-8"?>
<!-- Generated by org.testng.reporters.JUnitReportReporter -->
<testsuite hostname="DESKTOP-GJSAEHS" failures="0" tests="1" name="Scripts.TestCase2" time="15.740" errors="0" timestamp="2022-05-23T21:29:52 IST" skipped="0">
  <testcase classname="Scripts.TestCase2" name="Tc2" time="15.740"/>
  <system-out/>
</testsuite> <!-- Scripts.TestCase2 -->
