<?xml version="1.0" encoding="UTF-8"?>
<!-- Generated by org.testng.reporters.JUnitReportReporter -->
<testsuite hostname="DESKTOP-GJSAEHS" failures="0" tests="1" name="Scripts.TestCase1" time="15.950" errors="0" timestamp="2022-05-23T21:29:52 IST" skipped="0">
  <testcase classname="Scripts.TestCase1" name="Tc1" time="15.950"/>
  <system-out/>
</testsuite> <!-- Scripts.TestCase1 -->
